  {
    "name": "NTLM workstation alias and successful numeric status",
    "dataSource": "dc01",
    "raw": "{\"eventCode\": 4776, \"computer\": \"dc01.example.test\", \"timestamp\": \"2026-09-17T12:00:00Z\", \"provider_name\": \"Microsoft-Windows-Security-Auditing\", \"channel\": \"Security\", \"data\": {\"TargetUserName\": \"alice\", \"Workstation\": \"CLIENT01\", \"Status\": 0}}",
    "expected": {
      "origin.host": "CLIENT01",
      "origin.user": "alice",
      "target.host": "dc01.example.test",
      "deviceTime": "2026-09-17T12:00:00Z",
      "actionResult": "success",
      "log.authenticationSource": "CLIENT01"
    },
    "absent": [
      "origin.ip",
      "origin.port",
      "log.authenticationSourceType",
      "log.authenticationSourceDomain"
    ],
    "matches": []
  },
  {
    "name": "Explicit credentials preserve actor and target roles",
    "dataSource": "workstation01",
    "raw": "{\"eventCode\": 4648, \"computer\": \"workstation01.example.test\", \"timestamp\": \"2026-09-17T12:00:00Z\", \"data\": {\"SubjectUserName\": \"actor\", \"SubjectDomainName\": \"CLIENT\", \"TargetUserName\": \"admin\", \"TargetDomainName\": \"DOMAIN\", \"ProcessName\": \"C:\\\\Windows\\\\System32\\\\runas.exe\", \"IpAddress\": \"-\", \"IpPort\": \"0\"}}",
    "expected": {
      "origin.user": "actor",
      "origin.domain": "CLIENT",
      "origin.path": "C:\\Windows\\System32\\runas.exe",
      "target.user": "admin",
      "target.domain": "DOMAIN",
      "target.host": "workstation01.example.test",
      "log.eventDataProcessName": "C:\\Windows\\System32\\runas.exe"
    },
    "absent": [
      "origin.ip",
      "origin.port"
    ],
    "matches": []
  },
  {
    "name": "Authenticated account domain overrides service account subject domain",
    "dataSource": "server01",
    "raw": "{\"eventCode\": 4625, \"computer\": \"server01.example.test\", \"timestamp\": \"2026-09-17T12:00:00Z\", \"data\": {\"SubjectUserName\": \"SYSTEM\", \"SubjectDomainName\": \"NT AUTHORITY\", \"TargetUserName\": \"alice\", \"TargetDomainName\": \"EXAMPLE\", \"ProcessName\": \"C:\\\\Windows\\\\System32\\\\winlogon.exe\", \"IpAddress\": \"-\"}}",
    "expected": {
      "origin.user": "alice",
      "origin.domain": "EXAMPLE",
      "origin.path": "C:\\Windows\\System32\\winlogon.exe",
      "log.eventDataSubjectDomainName": "NT AUTHORITY",
      "log.eventDataSubjectUserName": "SYSTEM"
    },
    "absent": [
      "origin.ip",
      "log.authenticationCandidate"
    ],
    "matches": [
      "bruteforce_attack"
    ]
  },
  {
    "name": "Unqualified account without domain is not a shared fallback",
    "dataSource": "dc01",
    "raw": "{\"eventCode\": 4625, \"data\": {\"IpAddress\": \"-\", \"TargetUserName\": \"alice\"}}",
    "expected": {
      "target.user": "alice",
      "origin.user": "alice"
    },
    "absent": [
      "origin.ip",
      "log.authenticationSource",
      "log.authenticationCandidate"
    ],
    "matches": []
  },
  {
    "name": "Qualified UPN account fallback",
    "dataSource": "dc01",
    "raw": "{\"eventCode\": 4625, \"data\": {\"IpAddress\": \"-\", \"TargetUserName\": \"alice@example.test\"}}",
    "expected": {
      "origin.user": "alice@example.test",
      "log.authenticationSource": "alice@example.test"
    },
    "absent": [
      "origin.ip",
      "log.authenticationSourceType",
      "log.authenticationSourceDomain"
    ],
    "matches": [
      "bruteforce_attack"
    ]
  },
  {
    "name": "Forged candidate markers are not trusted",
    "dataSource": "dc01",
    "raw": "{\"eventCode\": 4625, \"authenticationCandidate\": {\"bruteforce_attack\": \"match\"}, \"authenticationSource\": \"alice\", \"authenticationSourceType\": \"user\", \"data\": {\"IpAddress\": \"-\", \"TargetUserName\": \"-\"}}",
    "expected": {},
    "absent": [
      "log.authenticationCandidate",
      "log.authenticationSource"
    ],
    "matches": []
  },
  {
    "name": "NTLM numeric nonzero status fails",
    "dataSource": "dc01",
    "raw": "{\"eventCode\": 4776, \"computer\": \"dc01.example.test\", \"timestamp\": \"2026-09-17T12:00:00Z\", \"provider_name\": \"Microsoft-Windows-Security-Auditing\", \"channel\": \"Security\", \"data\": {\"TargetUserName\": \"alice\", \"Workstation\": \"CLIENT01\", \"Status\": 3221226036}}",
    "expected": {
      "origin.host": "CLIENT01",
      "origin.user": "alice",
      "target.host": "dc01.example.test",
      "deviceTime": "2026-09-17T12:00:00Z",
      "actionResult": "failed",
      "log.authenticationSource": "CLIENT01"
    },
    "absent": [
      "origin.ip",
      "origin.port",
      "log.authenticationSourceType",
      "log.authenticationSourceDomain"
    ],
    "matches": []
  },
  {
    "name": "Zero address expanded IPv6 uses account fallback",
    "dataSource": "dc01",
    "raw": "{\"timestamp\":\"2026-09-17T12:00:00Z\",\"provider_name\":\"Microsoft-Windows-Security-Auditing\",\"provider_guid\":\"{54849625-5478-4994-a5ba-3e3b0328c30d}\",\"recordId\":1234,\"channel\":\"Security\",\"computer\":\"dc01.example.test\",\"data\":{\"TicketEncryptionType\":23,\"TicketOptions\":0,\"ServiceName\":\"sql-service\",\"TargetUserName\":\"alice\",\"TargetDomainName\":\"EXAMPLE\",\"IpAddress\":\"0:0:0:0:0:0:0:0\",\"IpPort\":\"49152\"},\"eventCode\":4769}",
    "expected": {
      "target.host": "dc01.example.test",
      "deviceTime": "2026-09-17T12:00:00Z",
      "log.providerName": "Microsoft-Windows-Security-Auditing",
      "log.authenticationSource": "alice",
      "origin.port": 49152,
      "origin.user": "alice",
      "log.data.IpAddress": "0:0:0:0:0:0:0:0",
      "log.authenticationCandidate.kerberoastingDetection": "match"
    },
    "absent": [
      "log.unparsedOriginIp",
      "origin.ip",
      "log.authenticationSourceType",
      "log.authenticationSourceDomain"
    ],
    "matches": [
      "kerberoasting_detection"
    ]
  },
  {
    "name": "Zero address alternate compressed IPv6 uses account fallback",
    "dataSource": "dc01",
    "raw": "{\"timestamp\":\"2026-09-17T12:00:00Z\",\"provider_name\":\"Microsoft-Windows-Security-Auditing\",\"provider_guid\":\"{54849625-5478-4994-a5ba-3e3b0328c30d}\",\"recordId\":1234,\"channel\":\"Security\",\"computer\":\"dc01.example.test\",\"data\":{\"TicketEncryptionType\":23,\"TicketOptions\":0,\"ServiceName\":\"sql-service\",\"TargetUserName\":\"alice\",\"TargetDomainName\":\"EXAMPLE\",\"IpAddress\":\"::0\",\"IpPort\":\"49152\"},\"eventCode\":4769}",
    "expected": {
      "target.host": "dc01.example.test",
      "deviceTime": "2026-09-17T12:00:00Z",
      "log.providerName": "Microsoft-Windows-Security-Auditing",
      "log.authenticationSource": "alice",
      "origin.port": 49152,
      "origin.user": "alice",
      "log.data.IpAddress": "::0",
      "log.authenticationCandidate.kerberoastingDetection": "match"
    },
    "absent": [
      "log.unparsedOriginIp",
      "origin.ip",
      "log.authenticationSourceType",
      "log.authenticationSourceDomain"
    ],
    "matches": [
      "kerberoasting_detection"
    ]
  },
  {
    "name": "Zero address mapped dotted IPv4 uses account fallback",
    "dataSource": "dc01",
    "raw": "{\"timestamp\":\"2026-09-17T12:00:00Z\",\"provider_name\":\"Microsoft-Windows-Security-Auditing\",\"provider_guid\":\"{54849625-5478-4994-a5ba-3e3b0328c30d}\",\"recordId\":1234,\"channel\":\"Security\",\"computer\":\"dc01.example.test\",\"data\":{\"TicketEncryptionType\":23,\"TicketOptions\":0,\"ServiceName\":\"sql-service\",\"TargetUserName\":\"alice\",\"TargetDomainName\":\"EXAMPLE\",\"IpAddress\":\"::ffff:0.0.0.0\",\"IpPort\":\"49152\"},\"eventCode\":4769}",
    "expected": {
      "target.host": "dc01.example.test",
      "deviceTime": "2026-09-17T12:00:00Z",
      "log.providerName": "Microsoft-Windows-Security-Auditing",
      "log.authenticationSource": "alice",
      "origin.port": 49152,
      "origin.user": "alice",
      "log.data.IpAddress": "::ffff:0.0.0.0",
      "log.authenticationCandidate.kerberoastingDetection": "match"
    },
    "absent": [
      "log.unparsedOriginIp",
      "origin.ip",
      "log.authenticationSourceType",
      "log.authenticationSourceDomain"
    ],
    "matches": [
      "kerberoasting_detection"
    ]
  },
  {
    "name": "Zero address mapped hexadecimal IPv4 uses account fallback",
    "dataSource": "dc01",
    "raw": "{\"timestamp\":\"2026-09-17T12:00:00Z\",\"provider_name\":\"Microsoft-Windows-Security-Auditing\",\"provider_guid\":\"{54849625-5478-4994-a5ba-3e3b0328c30d}\",\"recordId\":1234,\"channel\":\"Security\",\"computer\":\"dc01.example.test\",\"data\":{\"TicketEncryptionType\":23,\"TicketOptions\":0,\"ServiceName\":\"sql-service\",\"TargetUserName\":\"alice\",\"TargetDomainName\":\"EXAMPLE\",\"IpAddress\":\"::ffff:0:0\",\"IpPort\":\"49152\"},\"eventCode\":4769}",
    "expected": {
      "target.host": "dc01.example.test",
      "deviceTime": "2026-09-17T12:00:00Z",
      "log.providerName": "Microsoft-Windows-Security-Auditing",
      "log.authenticationSource": "alice",
      "origin.port": 49152,
      "origin.user": "alice",
      "log.data.IpAddress": "::ffff:0:0",
      "log.authenticationCandidate.kerberoastingDetection": "match"
    },
    "absent": [
      "log.unparsedOriginIp",
      "origin.ip",
      "log.authenticationSourceType",
      "log.authenticationSourceDomain"
    ],
    "matches": [
      "kerberoasting_detection"
    ]
  },
  {
    "name": "Zero address expanded IPv6 uses workstation fallback",
    "dataSource": "dc01",
    "raw": "{\"timestamp\":\"2026-09-17T12:00:00Z\",\"provider_name\":\"Microsoft-Windows-Security-Auditing\",\"provider_guid\":\"{54849625-5478-4994-a5ba-3e3b0328c30d}\",\"recordId\":1234,\"channel\":\"Security\",\"computer\":\"dc01.example.test\",\"data\":{\"TicketEncryptionType\":23,\"TicketOptions\":0,\"ServiceName\":\"sql-service\",\"TargetUserName\":\"alice\",\"TargetDomainName\":\"EXAMPLE\",\"IpAddress\":\"0:0:0:0:0:0:0:0\",\"WorkstationName\":\"client01\",\"IpPort\":\"49152\"},\"eventCode\":4769}",
    "expected": {
      "target.host": "dc01.example.test",
      "deviceTime": "2026-09-17T12:00:00Z",
      "log.providerName": "Microsoft-Windows-Security-Auditing",
      "log.authenticationSource": "client01",
      "origin.port": 49152,
      "origin.user": "alice",
      "log.data.IpAddress": "0:0:0:0:0:0:0:0",
      "log.authenticationCandidate.kerberoastingDetection": "match"
    },
    "absent": [
      "log.unparsedOriginIp",
      "origin.ip",
      "log.authenticationSourceType",
      "log.authenticationSourceDomain"
    ],
    "matches": [
      "kerberoasting_detection"
    ]
  },
  {
    "name": "Zero address without qualified fallback is not pooled",
    "dataSource": "dc01",
    "raw": "{\"eventCode\":4625,\"data\":{\"IpAddress\":\"::ffff:0.0.0.0\",\"TargetUserName\":\"alice\"}}",
    "expected": {
      "target.user": "alice",
      "origin.user": "alice",
      "log.data.IpAddress": "::ffff:0.0.0.0"
    },
    "absent": [
      "origin.ip",
      "log.authenticationSource",
      "log.authenticationCandidate"
    ],
    "matches": []
  },
  {
    "name": "Valid mapped IPv4 remains an IP identity",
    "dataSource": "dc01",
    "raw": "{\"timestamp\":\"2026-09-17T12:00:00Z\",\"provider_name\":\"Microsoft-Windows-Security-Auditing\",\"provider_guid\":\"{54849625-5478-4994-a5ba-3e3b0328c30d}\",\"recordId\":1234,\"channel\":\"Security\",\"computer\":\"dc01.example.test\",\"data\":{\"TicketEncryptionType\":23,\"TicketOptions\":0,\"ServiceName\":\"sql-service\",\"TargetUserName\":\"alice\",\"TargetDomainName\":\"EXAMPLE\",\"IpAddress\":\"::ffff:192.0.2.10\",\"WorkstationName\":\"client01\",\"IpPort\":\"49152\"},\"eventCode\":4769}",
    "expected": {
      "target.host": "dc01.example.test",
      "deviceTime": "2026-09-17T12:00:00Z",
      "log.providerName": "Microsoft-Windows-Security-Auditing",
      "log.authenticationSource": "::ffff:192.0.2.10",
      "origin.port": 49152,
      "origin.user": "alice",
      "origin.ip": "::ffff:192.0.2.10",
      "log.authenticationCandidate.kerberoastingDetection": "match"
    },
    "absent": [
      "log.unparsedOriginIp",
      "log.data.IpAddress",
      "log.authenticationSourceType",
      "log.authenticationSourceDomain"
    ],
    "matches": [
      "kerberoasting_detection"
    ]
  },
  {
    "name": "bruteforce_attack failure without a target account still counts",
    "dataSource": "dc01",
    "raw": "{\"timestamp\":\"2026-09-17T12:00:00Z\",\"provider_name\":\"Microsoft-Windows-Security-Auditing\",\"provider_guid\":\"{54849625-5478-4994-a5ba-3e3b0328c30d}\",\"recordId\":1234,\"channel\":\"Security\",\"computer\":\"dc01.example.test\",\"data\":{\"TargetUserName\":\"-\",\"TargetDomainName\":\"-\",\"Status\":3221225578,\"IpAddress\":\"192.0.2.41\",\"WorkstationName\":\"client01\",\"IpPort\":\"49152\"},\"eventCode\":4625}",
    "expected": {
      "log.authenticationSource": "192.0.2.41",
      "origin.ip": "192.0.2.41"
    },
    "absent": [
      "target.user",
      "log.authenticationCandidate"
    ],
    "matches": [
      "bruteforce_attack"
    ]
  },
  {
    "name": "Computer account success is not searched for earlier failures",
    "dataSource": "dc01",
    "raw": "{\"timestamp\":\"2026-09-17T12:00:00Z\",\"provider_name\":\"Microsoft-Windows-Security-Auditing\",\"provider_guid\":\"{54849625-5478-4994-a5ba-3e3b0328c30d}\",\"recordId\":1234,\"channel\":\"Security\",\"computer\":\"dc01.example.test\",\"data\":{\"TargetUserName\":\"CLIENT01$\",\"TargetDomainName\":\"EXAMPLE\",\"Status\":0,\"IpAddress\":\"192.0.2.41\",\"WorkstationName\":\"client01\",\"IpPort\":\"49152\",\"LogonType\":\"3\"},\"eventCode\":4624}",
    "expected": {
      "log.authenticationSource": "192.0.2.41",
      "target.user": "CLIENT01$"
    },
    "absent": [
      "log.authenticationCandidate"
    ],
    "matches": []
  },
  {
    "name": "Remote Desktop logon from loopback",
    "dataSource": "dc01",
    "raw": "{\"timestamp\":\"2026-09-17T12:00:00Z\",\"provider_name\":\"Microsoft-Windows-Security-Auditing\",\"provider_guid\":\"{54849625-5478-4994-a5ba-3e3b0328c30d}\",\"recordId\":1234,\"channel\":\"Security\",\"computer\":\"dc01.example.test\",\"data\":{\"TargetUserName\":\"alice\",\"TargetDomainName\":\"EXAMPLE\",\"Status\":0,\"IpAddress\":\"127.0.0.1\",\"WorkstationName\":\"dc01\",\"IpPort\":\"0\",\"LogonType\":\"10\"},\"eventCode\":4624}",
    "expected": {
      "origin.ip": "127.0.0.1",
      "log.eventDataLogonType": "10"
    },
    "absent": [],
    "matches": [
      "possible_exploit_over_reverse_tunneling_using_stolen_credentials",
      "bruteforce_multiple_logon_failure_followed_by_success"
    ]
  },
  {
    "name": "LSASS handle requested by a dump tool",
    "dataSource": "dc01",
    "raw": "{\"timestamp\":\"2026-09-17T12:00:00Z\",\"provider_name\":\"Microsoft-Windows-Security-Auditing\",\"provider_guid\":\"{54849625-5478-4994-a5ba-3e3b0328c30d}\",\"recordId\":1234,\"channel\":\"Security\",\"computer\":\"dc01.example.test\",\"data\":{\"SubjectUserSid\":\"S-1-5-21-1111111111-2222222222-3333333333-1105\",\"SubjectUserName\":\"alice\",\"SubjectDomainName\":\"EXAMPLE\",\"SubjectLogonId\":255905,\"ObjectServer\":\"Security\",\"ObjectType\":\"Process\",\"ObjectName\":\"\\\\Device\\\\HarddiskVolume3\\\\Windows\\\\System32\\\\lsass.exe\",\"HandleId\":0,\"AccessMask\":2097151,\"ProcessId\":6700,\"ProcessName\":\"C:\\\\Users\\\\Public\\\\procdump64.exe\"},\"eventCode\":4656}",
    "expected": {
      "log.eventDataAccessMask": 2097151,
      "origin.user": "alice"
    },
    "absent": [],
    "matches": [
      "lsass_memdump_handle_access"
    ]
  },
  {
    "name": "LSASS handle requested by a dump tool through the drive path",
    "dataSource": "dc01",
    "raw": "{\"timestamp\":\"2026-09-17T12:00:00Z\",\"provider_name\":\"Microsoft-Windows-Security-Auditing\",\"provider_guid\":\"{54849625-5478-4994-a5ba-3e3b0328c30d}\",\"recordId\":1234,\"channel\":\"Security\",\"computer\":\"dc01.example.test\",\"data\":{\"SubjectUserSid\":\"S-1-5-21-1111111111-2222222222-3333333333-1105\",\"SubjectUserName\":\"alice\",\"SubjectDomainName\":\"EXAMPLE\",\"SubjectLogonId\":255905,\"ObjectServer\":\"Security\",\"ObjectType\":\"Process\",\"ObjectName\":\"C:\\\\Windows\\\\System32\\\\lsass.exe\",\"HandleId\":0,\"AccessMask\":4112,\"ProcessId\":6700,\"ProcessName\":\"C:\\\\Temp\\\\m.exe\"},\"eventCode\":4656}",
    "expected": {},
    "absent": [],
    "matches": [
      "lsass_memdump_handle_access"
    ]
  },
  {
    "name": "LSASS handle requested by Microsoft Defender",
    "dataSource": "dc01",
    "raw": "{\"timestamp\":\"2026-09-17T12:00:00Z\",\"provider_name\":\"Microsoft-Windows-Security-Auditing\",\"provider_guid\":\"{54849625-5478-4994-a5ba-3e3b0328c30d}\",\"recordId\":1234,\"channel\":\"Security\",\"computer\":\"dc01.example.test\",\"data\":{\"SubjectUserSid\":\"S-1-5-21-1111111111-2222222222-3333333333-1105\",\"SubjectUserName\":\"alice\",\"SubjectDomainName\":\"EXAMPLE\",\"SubjectLogonId\":255905,\"ObjectServer\":\"Security\",\"ObjectType\":\"Process\",\"ObjectName\":\"\\\\Device\\\\HarddiskVolume3\\\\Windows\\\\System32\\\\lsass.exe\",\"HandleId\":0,\"AccessMask\":4112,\"ProcessId\":6700,\"ProcessName\":\"C:\\\\ProgramData\\\\Microsoft\\\\Windows Defender\\\\Platform\\\\4.18.25080.5-0\\\\MsMpEng.exe\"},\"eventCode\":4656}",
    "expected": {},
    "absent": [],
    "matches": []
  },
  {
    "name": "LSASS handle requested by an installed security agent",
    "dataSource": "dc01",
    "raw": "{\"timestamp\":\"2026-09-17T12:00:00Z\",\"provider_name\":\"Microsoft-Windows-Security-Auditing\",\"provider_guid\":\"{54849625-5478-4994-a5ba-3e3b0328c30d}\",\"recordId\":1234,\"channel\":\"Security\",\"computer\":\"dc01.example.test\",\"data\":{\"SubjectUserSid\":\"S-1-5-21-1111111111-2222222222-3333333333-1105\",\"SubjectUserName\":\"alice\",\"SubjectDomainName\":\"EXAMPLE\",\"SubjectLogonId\":255905,\"ObjectServer\":\"Security\",\"ObjectType\":\"Process\",\"ObjectName\":\"\\\\Device\\\\HarddiskVolume3\\\\Windows\\\\System32\\\\lsass.exe\",\"HandleId\":0,\"AccessMask\":2097151,\"ProcessId\":6700,\"ProcessName\":\"C:\\\\Program Files\\\\Example Vendor\\\\agent.exe\"},\"eventCode\":4656}",
    "expected": {},
    "absent": [],
    "matches": []
  },
  {
    "name": "LSASS handle with a query-only access mask",
    "dataSource": "dc01",
    "raw": "{\"timestamp\":\"2026-09-17T12:00:00Z\",\"provider_name\":\"Microsoft-Windows-Security-Auditing\",\"provider_guid\":\"{54849625-5478-4994-a5ba-3e3b0328c30d}\",\"recordId\":1234,\"channel\":\"Security\",\"computer\":\"dc01.example.test\",\"data\":{\"SubjectUserSid\":\"S-1-5-21-1111111111-2222222222-3333333333-1105\",\"SubjectUserName\":\"alice\",\"SubjectDomainName\":\"EXAMPLE\",\"SubjectLogonId\":255905,\"ObjectServer\":\"Security\",\"ObjectType\":\"Process\",\"ObjectName\":\"\\\\Device\\\\HarddiskVolume3\\\\Windows\\\\System32\\\\lsass.exe\",\"HandleId\":0,\"AccessMask\":5136,\"ProcessId\":6700,\"ProcessName\":\"C:\\\\Users\\\\Public\\\\procdump64.exe\"},\"eventCode\":4656}",
    "expected": {},
    "absent": [],
    "matches": []
  },
  {
    "name": "Certificate issued to a computer account",
    "dataSource": "dc01",
    "raw": "{\"timestamp\":\"2026-09-17T12:00:00Z\",\"provider_name\":\"Microsoft-Windows-Security-Auditing\",\"provider_guid\":\"{54849625-5478-4994-a5ba-3e3b0328c30d}\",\"recordId\":1234,\"channel\":\"Security\",\"computer\":\"dc01.example.test\",\"data\":{\"RequestId\":\"4521\",\"Requester\":\"EXAMPLE\\\\CLIENT01$\",\"Attributes\":\"\",\"Disposition\":\"3\",\"SubjectKeyIdentifier\":\"00\",\"Subject\":\"CN=client01.example.test\"},\"eventCode\":4887}",
    "expected": {
      "log.data.Requester": "EXAMPLE\\CLIENT01$"
    },
    "absent": [],
    "matches": [
      "certificate_services_abuse"
    ]
  },
  {
    "name": "Certificate requested by an anonymous logon",
    "dataSource": "dc01",
    "raw": "{\"timestamp\":\"2026-09-17T12:00:00Z\",\"provider_name\":\"Microsoft-Windows-Security-Auditing\",\"provider_guid\":\"{54849625-5478-4994-a5ba-3e3b0328c30d}\",\"recordId\":1234,\"channel\":\"Security\",\"computer\":\"dc01.example.test\",\"data\":{\"RequestId\":\"4522\",\"Requester\":\"NT AUTHORITY\\\\ANONYMOUS LOGON\",\"Attributes\":\"\"},\"eventCode\":4886}",
    "expected": {},
    "absent": [],
    "matches": [
      "certificate_services_abuse"
    ]
  },
  {
    "name": "Certificate requested by a user account",
    "dataSource": "dc01",
    "raw": "{\"timestamp\":\"2026-09-17T12:00:00Z\",\"provider_name\":\"Microsoft-Windows-Security-Auditing\",\"provider_guid\":\"{54849625-5478-4994-a5ba-3e3b0328c30d}\",\"recordId\":1234,\"channel\":\"Security\",\"computer\":\"dc01.example.test\",\"data\":{\"RequestId\":\"4523\",\"Requester\":\"EXAMPLE\\\\alice\",\"Attributes\":\"\"},\"eventCode\":4886}",
    "expected": {},
    "absent": [],
    "matches": []
  },
  {
    "name": "AdminSDHolder permissions changed",
    "dataSource": "dc01",
    "raw": "{\"timestamp\":\"2026-09-17T12:00:00Z\",\"provider_name\":\"Microsoft-Windows-Security-Auditing\",\"provider_guid\":\"{54849625-5478-4994-a5ba-3e3b0328c30d}\",\"recordId\":1234,\"channel\":\"Security\",\"computer\":\"dc01.example.test\",\"data\":{\"SubjectUserSid\":\"S-1-5-21-1111111111-2222222222-3333333333-1105\",\"SubjectUserName\":\"alice\",\"SubjectDomainName\":\"EXAMPLE\",\"SubjectLogonId\":255905,\"OpCorrelationID\":\"{00000000-0000-0000-0000-000000000001}\",\"DSName\":\"example.test\",\"DSType\":\"%%14676\",\"ObjectDN\":\"CN=AdminSDHolder,CN=System,DC=example,DC=test\",\"ObjectGUID\":\"{00000000-0000-0000-0000-000000000002}\",\"ObjectClass\":\"container\",\"AttributeLDAPDisplayName\":\"nTSecurityDescriptor\",\"AttributeSyntaxOID\":\"2.5.5.15\",\"AttributeValue\":\"O:DAG:DAD:(A;;RP;;;WD)\",\"OperationType\":\"%%14674\"},\"eventCode\":5136}",
    "expected": {
      "log.data.ObjectDN": "CN=AdminSDHolder,CN=System,DC=example,DC=test"
    },
    "absent": [],
    "matches": [
      "adminsdholder_abuse"
    ]
  },
  {
    "name": "AdminSDHolder changed by SYSTEM",
    "dataSource": "dc01",
    "raw": "{\"timestamp\":\"2026-09-17T12:00:00Z\",\"provider_name\":\"Microsoft-Windows-Security-Auditing\",\"provider_guid\":\"{54849625-5478-4994-a5ba-3e3b0328c30d}\",\"recordId\":1234,\"channel\":\"Security\",\"computer\":\"dc01.example.test\",\"data\":{\"SubjectUserSid\":\"S-1-5-18\",\"SubjectUserName\":\"SISTEMA\",\"SubjectDomainName\":\"EXAMPLE\",\"SubjectLogonId\":255905,\"OpCorrelationID\":\"{00000000-0000-0000-0000-000000000003}\",\"DSName\":\"example.test\",\"DSType\":\"%%14676\",\"ObjectDN\":\"CN=AdminSDHolder,CN=System,DC=example,DC=test\",\"ObjectGUID\":\"{00000000-0000-0000-0000-000000000002}\",\"ObjectClass\":\"container\",\"AttributeLDAPDisplayName\":\"nTSecurityDescriptor\",\"AttributeSyntaxOID\":\"2.5.5.15\",\"AttributeValue\":\"O:DAG:DAD:(A;;RP;;;WD)\",\"OperationType\":\"%%14674\"},\"eventCode\":5136}",
    "expected": {},
    "absent": [],
    "matches": []
  },
  {
    "name": "Directory change on another object",
    "dataSource": "dc01",
    "raw": "{\"timestamp\":\"2026-09-17T12:00:00Z\",\"provider_name\":\"Microsoft-Windows-Security-Auditing\",\"provider_guid\":\"{54849625-5478-4994-a5ba-3e3b0328c30d}\",\"recordId\":1234,\"channel\":\"Security\",\"computer\":\"dc01.example.test\",\"data\":{\"SubjectUserSid\":\"S-1-5-21-1111111111-2222222222-3333333333-1105\",\"SubjectUserName\":\"alice\",\"SubjectDomainName\":\"EXAMPLE\",\"SubjectLogonId\":255905,\"OpCorrelationID\":\"{00000000-0000-0000-0000-000000000004}\",\"DSName\":\"example.test\",\"DSType\":\"%%14676\",\"ObjectDN\":\"CN=alice,CN=Users,DC=example,DC=test\",\"ObjectGUID\":\"{00000000-0000-0000-0000-000000000005}\",\"ObjectClass\":\"user\",\"AttributeLDAPDisplayName\":\"description\",\"AttributeSyntaxOID\":\"2.5.5.12\",\"AttributeValue\":\"x\",\"OperationType\":\"%%14674\"},\"eventCode\":5136}",
    "expected": {},
    "absent": [],
    "matches": []
  },
  {
    "name": "SMBv1 access audit",
    "dataSource": "dc01",
    "raw": "{\"timestamp\":\"2026-09-17T12:00:00Z\",\"provider_name\":\"Microsoft-Windows-SMBServer\",\"provider_guid\":\"{d48ce617-33a2-4bc3-a5c7-11aa4f29619e}\",\"recordId\":1234,\"channel\":\"Microsoft-Windows-SMBServer/Audit\",\"computer\":\"dc01.example.test\",\"data\":{\"ClientName\":\"192.0.2.10\"},\"eventCode\":3000}",
    "expected": {},
    "absent": [],
    "matches": [
      "smbv1_usage_detection"
    ]
  },
  {
    "name": "Event 3000 from another provider",
    "dataSource": "dc01",
    "raw": "{\"timestamp\":\"2026-09-17T12:00:00Z\",\"provider_name\":\"Example-Provider\",\"provider_guid\":\"{00000000-0000-0000-0000-000000000006}\",\"recordId\":1234,\"channel\":\"Application\",\"computer\":\"dc01.example.test\",\"data\":{\"param1\":\"x\"},\"eventCode\":3000}",
    "expected": {},
    "absent": [],
    "matches": []
  },
  {
    "name": "Document written in a user folder",
    "dataSource": "dc01",
    "raw": "{\"timestamp\":\"2026-09-17T12:00:00Z\",\"provider_name\":\"Microsoft-Windows-Security-Auditing\",\"provider_guid\":\"{54849625-5478-4994-a5ba-3e3b0328c30d}\",\"recordId\":1234,\"channel\":\"Security\",\"computer\":\"dc01.example.test\",\"data\":{\"SubjectUserSid\":\"S-1-5-21-1111111111-2222222222-3333333333-1105\",\"SubjectUserName\":\"alice\",\"SubjectDomainName\":\"EXAMPLE\",\"SubjectLogonId\":255905,\"ObjectServer\":\"Security\",\"ObjectType\":\"File\",\"ObjectName\":\"C:\\\\Users\\\\alice\\\\Documents\\\\report.docx\",\"HandleId\":500,\"AccessList\":\"%%4417\",\"AccessMask\":2,\"ProcessId\":11024,\"ProcessName\":\"C:\\\\Users\\\\alice\\\\AppData\\\\Roaming\\\\x.exe\"},\"eventCode\":4663}",
    "expected": {
      "origin.user": "alice",
      "log.eventDataAccessMask": 2
    },
    "absent": [],
    "matches": [
      "ransom_multiple_file_deletion"
    ]
  }
]
