[
  {
    "name": "kerberoasting_detection ipv4",
    "dataSource": "dc01",
    "raw": "{\"timestamp\":\"2026-09-17T12:00:00Z\",\"provider_name\":\"Microsoft-Windows-Security-Auditing\",\"provider_guid\":\"{54849625-5478-4994-a5ba-3e3b0328c30d}\",\"recordId\":1234,\"channel\":\"Security\",\"computer\":\"dc01.example.test\",\"data\":{\"TicketEncryptionType\":23,\"TicketOptions\":0,\"ServiceName\":\"sql-service\",\"TargetUserName\":\"alice\",\"TargetDomainName\":\"EXAMPLE\",\"IpAddress\":\"192.0.2.41\",\"WorkstationName\":\"client01\",\"IpPort\":\"49152\"},\"eventCode\":4769}",
    "expected": {
      "target.host": "dc01.example.test",
      "deviceTime": "2026-09-17T12:00:00Z",
      "log.providerName": "Microsoft-Windows-Security-Auditing",
      "log.authenticationSource": "192.0.2.41",
      "origin.port": 49152,
      "origin.user": "alice",
      "origin.ip": "192.0.2.41",
      "log.authenticationCandidate.kerberoastingDetection": "match"
    },
    "absent": [
      "log.unparsedOriginIp",
      "log.data.IpAddress",
      "log.authenticationSourceType",
      "log.authenticationSourceDomain"
    ],
    "matches": [
      "kerberoasting_detection"
    ]
  },
  {
    "name": "kerberoasting_detection ipv6",
    "dataSource": "dc01",
    "raw": "{\"timestamp\":\"2026-09-17T12:00:00Z\",\"provider_name\":\"Microsoft-Windows-Security-Auditing\",\"provider_guid\":\"{54849625-5478-4994-a5ba-3e3b0328c30d}\",\"recordId\":1234,\"channel\":\"Security\",\"computer\":\"dc01.example.test\",\"data\":{\"TicketEncryptionType\":23,\"TicketOptions\":0,\"ServiceName\":\"sql-service\",\"TargetUserName\":\"alice\",\"TargetDomainName\":\"EXAMPLE\",\"IpAddress\":\"2001:db8::41\",\"WorkstationName\":\"client01\",\"IpPort\":\"49152\"},\"eventCode\":4769}",
    "expected": {
      "target.host": "dc01.example.test",
      "deviceTime": "2026-09-17T12:00:00Z",
      "log.providerName": "Microsoft-Windows-Security-Auditing",
      "log.authenticationSource": "2001:db8::41",
      "origin.port": 49152,
      "origin.user": "alice",
      "origin.ip": "2001:db8::41",
      "log.authenticationCandidate.kerberoastingDetection": "match"
    },
    "absent": [
      "log.unparsedOriginIp",
      "log.data.IpAddress",
      "log.authenticationSourceType",
      "log.authenticationSourceDomain"
    ],
    "matches": [
      "kerberoasting_detection"
    ]
  },
  {
    "name": "kerberoasting_detection dash-with-host",
    "dataSource": "dc01",
    "raw": "{\"timestamp\":\"2026-09-17T12:00:00Z\",\"provider_name\":\"Microsoft-Windows-Security-Auditing\",\"provider_guid\":\"{54849625-5478-4994-a5ba-3e3b0328c30d}\",\"recordId\":1234,\"channel\":\"Security\",\"computer\":\"dc01.example.test\",\"data\":{\"TicketEncryptionType\":23,\"TicketOptions\":0,\"ServiceName\":\"sql-service\",\"TargetUserName\":\"alice\",\"TargetDomainName\":\"EXAMPLE\",\"IpAddress\":\"-\",\"WorkstationName\":\"client01\",\"IpPort\":\"49152\"},\"eventCode\":4769}",
    "expected": {
      "target.host": "dc01.example.test",
      "deviceTime": "2026-09-17T12:00:00Z",
      "log.providerName": "Microsoft-Windows-Security-Auditing",
      "log.authenticationSource": "client01",
      "origin.port": 49152,
      "origin.user": "alice",
      "log.data.IpAddress": "-",
      "log.authenticationCandidate.kerberoastingDetection": "match"
    },
    "absent": [
      "log.unparsedOriginIp",
      "origin.ip",
      "log.authenticationSourceType",
      "log.authenticationSourceDomain"
    ],
    "matches": [
      "kerberoasting_detection"
    ]
  },
  {
    "name": "kerberoasting_detection dash-with-account",
    "dataSource": "dc01",
    "raw": "{\"timestamp\":\"2026-09-17T12:00:00Z\",\"provider_name\":\"Microsoft-Windows-Security-Auditing\",\"provider_guid\":\"{54849625-5478-4994-a5ba-3e3b0328c30d}\",\"recordId\":1234,\"channel\":\"Security\",\"computer\":\"dc01.example.test\",\"data\":{\"TicketEncryptionType\":23,\"TicketOptions\":0,\"ServiceName\":\"sql-service\",\"TargetUserName\":\"alice\",\"TargetDomainName\":\"EXAMPLE\",\"IpAddress\":\"-\",\"IpPort\":\"49152\"},\"eventCode\":4769}",
    "expected": {
      "target.host": "dc01.example.test",
      "deviceTime": "2026-09-17T12:00:00Z",
      "log.providerName": "Microsoft-Windows-Security-Auditing",
      "log.authenticationSource": "alice",
      "origin.port": 49152,
      "origin.user": "alice",
      "log.data.IpAddress": "-",
      "log.authenticationCandidate.kerberoastingDetection": "match"
    },
    "absent": [
      "log.unparsedOriginIp",
      "origin.ip",
      "log.authenticationSourceType",
      "log.authenticationSourceDomain"
    ],
    "matches": [
      "kerberoasting_detection"
    ]
  },
  {
    "name": "kerberoasting_detection absent-with-account",
    "dataSource": "dc01",
    "raw": "{\"timestamp\":\"2026-09-17T12:00:00Z\",\"provider_name\":\"Microsoft-Windows-Security-Auditing\",\"provider_guid\":\"{54849625-5478-4994-a5ba-3e3b0328c30d}\",\"recordId\":1234,\"channel\":\"Security\",\"computer\":\"dc01.example.test\",\"data\":{\"TicketEncryptionType\":23,\"TicketOptions\":0,\"ServiceName\":\"sql-service\",\"TargetUserName\":\"alice\",\"TargetDomainName\":\"EXAMPLE\",\"IpPort\":\"49152\"},\"eventCode\":4769}",
    "expected": {
      "target.host": "dc01.example.test",
      "deviceTime": "2026-09-17T12:00:00Z",
      "log.providerName": "Microsoft-Windows-Security-Auditing",
      "log.authenticationSource": "alice",
      "origin.port": 49152,
      "origin.user": "alice",
      "log.authenticationCandidate.kerberoastingDetection": "match"
    },
    "absent": [
      "log.unparsedOriginIp",
      "origin.ip",
      "log.authenticationSourceType",
      "log.authenticationSourceDomain"
    ],
    "matches": [
      "kerberoasting_detection"
    ]
  },
  {
    "name": "kerberoasting_detection unspecified-with-account",
    "dataSource": "dc01",
    "raw": "{\"timestamp\":\"2026-09-17T12:00:00Z\",\"provider_name\":\"Microsoft-Windows-Security-Auditing\",\"provider_guid\":\"{54849625-5478-4994-a5ba-3e3b0328c30d}\",\"recordId\":1234,\"channel\":\"Security\",\"computer\":\"dc01.example.test\",\"data\":{\"TicketEncryptionType\":23,\"TicketOptions\":0,\"ServiceName\":\"sql-service\",\"TargetUserName\":\"alice\",\"TargetDomainName\":\"EXAMPLE\",\"IpAddress\":\"0.0.0.0\",\"IpPort\":\"49152\"},\"eventCode\":4769}",
    "expected": {
      "target.host": "dc01.example.test",
      "deviceTime": "2026-09-17T12:00:00Z",
      "log.providerName": "Microsoft-Windows-Security-Auditing",
      "log.authenticationSource": "alice",
      "origin.port": 49152,
      "origin.user": "alice",
      "log.data.IpAddress": "0.0.0.0",
      "log.authenticationCandidate.kerberoastingDetection": "match"
    },
    "absent": [
      "log.unparsedOriginIp",
      "origin.ip",
      "log.authenticationSourceType",
      "log.authenticationSourceDomain"
    ],
    "matches": [
      "kerberoasting_detection"
    ]
  },
  {
    "name": "asrep_roasting_detection ipv4",
    "dataSource": "dc01",
    "raw": "{\"timestamp\":\"2026-09-17T12:00:00Z\",\"provider_name\":\"Microsoft-Windows-Security-Auditing\",\"provider_guid\":\"{54849625-5478-4994-a5ba-3e3b0328c30d}\",\"recordId\":1234,\"channel\":\"Security\",\"computer\":\"dc01.example.test\",\"data\":{\"TicketEncryptionType\":23,\"PreAuthType\":\"0\",\"TargetUserName\":\"alice\",\"TargetDomainName\":\"EXAMPLE\",\"IpAddress\":\"192.0.2.41\",\"WorkstationName\":\"client01\",\"IpPort\":\"49152\"},\"eventCode\":4768}",
    "expected": {
      "target.host": "dc01.example.test",
      "deviceTime": "2026-09-17T12:00:00Z",
      "log.providerName": "Microsoft-Windows-Security-Auditing",
      "log.authenticationSource": "192.0.2.41",
      "origin.port": 49152,
      "origin.user": "alice",
      "origin.ip": "192.0.2.41",
      "log.authenticationCandidate.asrepRoastingDetection": "match"
    },
    "absent": [
      "log.unparsedOriginIp",
      "log.data.IpAddress",
      "log.authenticationSourceType",
      "log.authenticationSourceDomain"
    ],
    "matches": [
      "asrep_roasting_detection"
    ]
  },
  {
    "name": "asrep_roasting_detection ipv6",
    "dataSource": "dc01",
    "raw": "{\"timestamp\":\"2026-09-17T12:00:00Z\",\"provider_name\":\"Microsoft-Windows-Security-Auditing\",\"provider_guid\":\"{54849625-5478-4994-a5ba-3e3b0328c30d}\",\"recordId\":1234,\"channel\":\"Security\",\"computer\":\"dc01.example.test\",\"data\":{\"TicketEncryptionType\":23,\"PreAuthType\":\"0\",\"TargetUserName\":\"alice\",\"TargetDomainName\":\"EXAMPLE\",\"IpAddress\":\"2001:db8::41\",\"WorkstationName\":\"client01\",\"IpPort\":\"49152\"},\"eventCode\":4768}",
    "expected": {
      "target.host": "dc01.example.test",
      "deviceTime": "2026-09-17T12:00:00Z",
      "log.providerName": "Microsoft-Windows-Security-Auditing",
      "log.authenticationSource": "2001:db8::41",
      "origin.port": 49152,
      "origin.user": "alice",
      "origin.ip": "2001:db8::41",
      "log.authenticationCandidate.asrepRoastingDetection": "match"
    },
    "absent": [
      "log.unparsedOriginIp",
      "log.data.IpAddress",
      "log.authenticationSourceType",
      "log.authenticationSourceDomain"
    ],
    "matches": [
      "asrep_roasting_detection"
    ]
  },
  {
    "name": "asrep_roasting_detection dash-with-host",
    "dataSource": "dc01",
    "raw": "{\"timestamp\":\"2026-09-17T12:00:00Z\",\"provider_name\":\"Microsoft-Windows-Security-Auditing\",\"provider_guid\":\"{54849625-5478-4994-a5ba-3e3b0328c30d}\",\"recordId\":1234,\"channel\":\"Security\",\"computer\":\"dc01.example.test\",\"data\":{\"TicketEncryptionType\":23,\"PreAuthType\":\"0\",\"TargetUserName\":\"alice\",\"TargetDomainName\":\"EXAMPLE\",\"IpAddress\":\"-\",\"WorkstationName\":\"client01\",\"IpPort\":\"49152\"},\"eventCode\":4768}",
    "expected": {
      "target.host": "dc01.example.test",
      "deviceTime": "2026-09-17T12:00:00Z",
      "log.providerName": "Microsoft-Windows-Security-Auditing",
      "log.authenticationSource": "client01",
      "origin.port": 49152,
      "origin.user": "alice",
      "log.data.IpAddress": "-",
      "log.authenticationCandidate.asrepRoastingDetection": "match"
    },
    "absent": [
      "log.unparsedOriginIp",
      "origin.ip",
      "log.authenticationSourceType",
      "log.authenticationSourceDomain"
    ],
    "matches": [
      "asrep_roasting_detection"
    ]
  },
  {
    "name": "asrep_roasting_detection dash-with-account",
    "dataSource": "dc01",
    "raw": "{\"timestamp\":\"2026-09-17T12:00:00Z\",\"provider_name\":\"Microsoft-Windows-Security-Auditing\",\"provider_guid\":\"{54849625-5478-4994-a5ba-3e3b0328c30d}\",\"recordId\":1234,\"channel\":\"Security\",\"computer\":\"dc01.example.test\",\"data\":{\"TicketEncryptionType\":23,\"PreAuthType\":\"0\",\"TargetUserName\":\"alice\",\"TargetDomainName\":\"EXAMPLE\",\"IpAddress\":\"-\",\"IpPort\":\"49152\"},\"eventCode\":4768}",
    "expected": {
      "target.host": "dc01.example.test",
      "deviceTime": "2026-09-17T12:00:00Z",
      "log.providerName": "Microsoft-Windows-Security-Auditing",
      "log.authenticationSource": "alice",
      "origin.port": 49152,
      "origin.user": "alice",
      "log.data.IpAddress": "-",
      "log.authenticationCandidate.asrepRoastingDetection": "match"
    },
    "absent": [
      "log.unparsedOriginIp",
      "origin.ip",
      "log.authenticationSourceType",
      "log.authenticationSourceDomain"
    ],
    "matches": [
      "asrep_roasting_detection"
    ]
  },
  {
    "name": "asrep_roasting_detection absent-with-account",
    "dataSource": "dc01",
    "raw": "{\"timestamp\":\"2026-09-17T12:00:00Z\",\"provider_name\":\"Microsoft-Windows-Security-Auditing\",\"provider_guid\":\"{54849625-5478-4994-a5ba-3e3b0328c30d}\",\"recordId\":1234,\"channel\":\"Security\",\"computer\":\"dc01.example.test\",\"data\":{\"TicketEncryptionType\":23,\"PreAuthType\":\"0\",\"TargetUserName\":\"alice\",\"TargetDomainName\":\"EXAMPLE\",\"IpPort\":\"49152\"},\"eventCode\":4768}",
    "expected": {
      "target.host": "dc01.example.test",
      "deviceTime": "2026-09-17T12:00:00Z",
      "log.providerName": "Microsoft-Windows-Security-Auditing",
      "log.authenticationSource": "alice",
      "origin.port": 49152,
      "origin.user": "alice",
      "log.authenticationCandidate.asrepRoastingDetection": "match"
    },
    "absent": [
      "log.unparsedOriginIp",
      "origin.ip",
      "log.authenticationSourceType",
      "log.authenticationSourceDomain"
    ],
    "matches": [
      "asrep_roasting_detection"
    ]
  },
  {
    "name": "asrep_roasting_detection unspecified-with-account",
    "dataSource": "dc01",
    "raw": "{\"timestamp\":\"2026-09-17T12:00:00Z\",\"provider_name\":\"Microsoft-Windows-Security-Auditing\",\"provider_guid\":\"{54849625-5478-4994-a5ba-3e3b0328c30d}\",\"recordId\":1234,\"channel\":\"Security\",\"computer\":\"dc01.example.test\",\"data\":{\"TicketEncryptionType\":23,\"PreAuthType\":\"0\",\"TargetUserName\":\"alice\",\"TargetDomainName\":\"EXAMPLE\",\"IpAddress\":\"0.0.0.0\",\"IpPort\":\"49152\"},\"eventCode\":4768}",
    "expected": {
      "target.host": "dc01.example.test",
      "deviceTime": "2026-09-17T12:00:00Z",
      "log.providerName": "Microsoft-Windows-Security-Auditing",
      "log.authenticationSource": "alice",
      "origin.port": 49152,
      "origin.user": "alice",
      "log.data.IpAddress": "0.0.0.0",
      "log.authenticationCandidate.asrepRoastingDetection": "match"
    },
    "absent": [
      "log.unparsedOriginIp",
      "origin.ip",
      "log.authenticationSourceType",
      "log.authenticationSourceDomain"
    ],
    "matches": [
      "asrep_roasting_detection"
    ]
  },
  {
    "name": "silver_ticket_detection ipv4",
    "dataSource": "dc01",
    "raw": "{\"timestamp\":\"2026-09-17T12:00:00Z\",\"provider_name\":\"Microsoft-Windows-Security-Auditing\",\"provider_guid\":\"{54849625-5478-4994-a5ba-3e3b0328c30d}\",\"recordId\":1234,\"channel\":\"Security\",\"computer\":\"dc01.example.test\",\"data\":{\"TicketEncryptionType\":23,\"Status\":\"7\",\"ServiceName\":\"sql-service\",\"TargetUserName\":\"alice\",\"TargetDomainName\":\"EXAMPLE\",\"IpAddress\":\"192.0.2.41\",\"WorkstationName\":\"client01\",\"IpPort\":\"49152\"},\"eventCode\":4769}",
    "expected": {
      "target.host": "dc01.example.test",
      "deviceTime": "2026-09-17T12:00:00Z",
      "log.providerName": "Microsoft-Windows-Security-Auditing",
      "log.authenticationSource": "192.0.2.41",
      "origin.port": 49152,
      "origin.user": "alice",
      "origin.ip": "192.0.2.41",
      "log.authenticationCandidate.silverTicketDetection": "match"
    },
    "absent": [
      "log.unparsedOriginIp",
      "log.data.IpAddress",
      "log.authenticationSourceType",
      "log.authenticationSourceDomain"
    ],
    "matches": [
      "silver_ticket_detection"
    ]
  },
  {
    "name": "silver_ticket_detection ipv6",
    "dataSource": "dc01",
    "raw": "{\"timestamp\":\"2026-09-17T12:00:00Z\",\"provider_name\":\"Microsoft-Windows-Security-Auditing\",\"provider_guid\":\"{54849625-5478-4994-a5ba-3e3b0328c30d}\",\"recordId\":1234,\"channel\":\"Security\",\"computer\":\"dc01.example.test\",\"data\":{\"TicketEncryptionType\":23,\"Status\":\"7\",\"ServiceName\":\"sql-service\",\"TargetUserName\":\"alice\",\"TargetDomainName\":\"EXAMPLE\",\"IpAddress\":\"2001:db8::41\",\"WorkstationName\":\"client01\",\"IpPort\":\"49152\"},\"eventCode\":4769}",
    "expected": {
      "target.host": "dc01.example.test",
      "deviceTime": "2026-09-17T12:00:00Z",
      "log.providerName": "Microsoft-Windows-Security-Auditing",
      "log.authenticationSource": "2001:db8::41",
      "origin.port": 49152,
      "origin.user": "alice",
      "origin.ip": "2001:db8::41",
      "log.authenticationCandidate.silverTicketDetection": "match"
    },
    "absent": [
      "log.unparsedOriginIp",
      "log.data.IpAddress",
      "log.authenticationSourceType",
      "log.authenticationSourceDomain"
    ],
    "matches": [
      "silver_ticket_detection"
    ]
  },
  {
    "name": "silver_ticket_detection dash-with-host",
    "dataSource": "dc01",
    "raw": "{\"timestamp\":\"2026-09-17T12:00:00Z\",\"provider_name\":\"Microsoft-Windows-Security-Auditing\",\"provider_guid\":\"{54849625-5478-4994-a5ba-3e3b0328c30d}\",\"recordId\":1234,\"channel\":\"Security\",\"computer\":\"dc01.example.test\",\"data\":{\"TicketEncryptionType\":23,\"Status\":\"7\",\"ServiceName\":\"sql-service\",\"TargetUserName\":\"alice\",\"TargetDomainName\":\"EXAMPLE\",\"IpAddress\":\"-\",\"WorkstationName\":\"client01\",\"IpPort\":\"49152\"},\"eventCode\":4769}",
    "expected": {
      "target.host": "dc01.example.test",
      "deviceTime": "2026-09-17T12:00:00Z",
      "log.providerName": "Microsoft-Windows-Security-Auditing",
      "log.authenticationSource": "client01",
      "origin.port": 49152,
      "origin.user": "alice",
      "log.data.IpAddress": "-",
      "log.authenticationCandidate.silverTicketDetection": "match"
    },
    "absent": [
      "log.unparsedOriginIp",
      "origin.ip",
      "log.authenticationSourceType",
      "log.authenticationSourceDomain"
    ],
    "matches": [
      "silver_ticket_detection"
    ]
  },
  {
    "name": "silver_ticket_detection dash-with-account",
    "dataSource": "dc01",
    "raw": "{\"timestamp\":\"2026-09-17T12:00:00Z\",\"provider_name\":\"Microsoft-Windows-Security-Auditing\",\"provider_guid\":\"{54849625-5478-4994-a5ba-3e3b0328c30d}\",\"recordId\":1234,\"channel\":\"Security\",\"computer\":\"dc01.example.test\",\"data\":{\"TicketEncryptionType\":23,\"Status\":\"7\",\"ServiceName\":\"sql-service\",\"TargetUserName\":\"alice\",\"TargetDomainName\":\"EXAMPLE\",\"IpAddress\":\"-\",\"IpPort\":\"49152\"},\"eventCode\":4769}",
    "expected": {
      "target.host": "dc01.example.test",
      "deviceTime": "2026-09-17T12:00:00Z",
      "log.providerName": "Microsoft-Windows-Security-Auditing",
      "log.authenticationSource": "alice",
      "origin.port": 49152,
      "origin.user": "alice",
      "log.data.IpAddress": "-",
      "log.authenticationCandidate.silverTicketDetection": "match"
    },
    "absent": [
      "log.unparsedOriginIp",
      "origin.ip",
      "log.authenticationSourceType",
      "log.authenticationSourceDomain"
    ],
    "matches": [
      "silver_ticket_detection"
    ]
  },
  {
    "name": "silver_ticket_detection absent-with-account",
    "dataSource": "dc01",
    "raw": "{\"timestamp\":\"2026-09-17T12:00:00Z\",\"provider_name\":\"Microsoft-Windows-Security-Auditing\",\"provider_guid\":\"{54849625-5478-4994-a5ba-3e3b0328c30d}\",\"recordId\":1234,\"channel\":\"Security\",\"computer\":\"dc01.example.test\",\"data\":{\"TicketEncryptionType\":23,\"Status\":\"7\",\"ServiceName\":\"sql-service\",\"TargetUserName\":\"alice\",\"TargetDomainName\":\"EXAMPLE\",\"IpPort\":\"49152\"},\"eventCode\":4769}",
    "expected": {
      "target.host": "dc01.example.test",
      "deviceTime": "2026-09-17T12:00:00Z",
      "log.providerName": "Microsoft-Windows-Security-Auditing",
      "log.authenticationSource": "alice",
      "origin.port": 49152,
      "origin.user": "alice",
      "log.authenticationCandidate.silverTicketDetection": "match"
    },
    "absent": [
      "log.unparsedOriginIp",
      "origin.ip",
      "log.authenticationSourceType",
      "log.authenticationSourceDomain"
    ],
    "matches": [
      "silver_ticket_detection"
    ]
  },
  {
    "name": "silver_ticket_detection unspecified-with-account",
    "dataSource": "dc01",
    "raw": "{\"timestamp\":\"2026-09-17T12:00:00Z\",\"provider_name\":\"Microsoft-Windows-Security-Auditing\",\"provider_guid\":\"{54849625-5478-4994-a5ba-3e3b0328c30d}\",\"recordId\":1234,\"channel\":\"Security\",\"computer\":\"dc01.example.test\",\"data\":{\"TicketEncryptionType\":23,\"Status\":\"7\",\"ServiceName\":\"sql-service\",\"TargetUserName\":\"alice\",\"TargetDomainName\":\"EXAMPLE\",\"IpAddress\":\"0.0.0.0\",\"IpPort\":\"49152\"},\"eventCode\":4769}",
    "expected": {
      "target.host": "dc01.example.test",
      "deviceTime": "2026-09-17T12:00:00Z",
      "log.providerName": "Microsoft-Windows-Security-Auditing",
      "log.authenticationSource": "alice",
      "origin.port": 49152,
      "origin.user": "alice",
      "log.data.IpAddress": "0.0.0.0",
      "log.authenticationCandidate.silverTicketDetection": "match"
    },
    "absent": [
      "log.unparsedOriginIp",
      "origin.ip",
      "log.authenticationSourceType",
      "log.authenticationSourceDomain"
    ],
    "matches": [
      "silver_ticket_detection"
    ]
  },
  {
    "name": "golden_ticket_detection ipv4",
    "dataSource": "dc01",
    "raw": "{\"timestamp\":\"2026-09-17T12:00:00Z\",\"provider_name\":\"Microsoft-Windows-Security-Auditing\",\"provider_guid\":\"{54849625-5478-4994-a5ba-3e3b0328c30d}\",\"recordId\":1234,\"channel\":\"Security\",\"computer\":\"dc01.example.test\",\"data\":{\"PrivilegeList\":\"SeTcbPrivilege\",\"SubjectUserName\":\"alice\",\"SubjectDomainName\":\"EXAMPLE\",\"IpAddress\":\"192.0.2.41\",\"WorkstationName\":\"client01\",\"IpPort\":\"49152\"},\"eventCode\":4672}",
    "expected": {
      "target.host": "dc01.example.test",
      "deviceTime": "2026-09-17T12:00:00Z",
      "log.providerName": "Microsoft-Windows-Security-Auditing",
      "log.authenticationSource": "192.0.2.41",
      "origin.port": 49152,
      "origin.user": "alice",
      "origin.ip": "192.0.2.41",
      "log.authenticationCandidate.goldenTicketDetection": "match"
    },
    "absent": [
      "log.unparsedOriginIp",
      "log.data.IpAddress",
      "log.authenticationSourceType",
      "log.authenticationSourceDomain"
    ],
    "matches": [
      "golden_ticket_detection"
    ]
  },
  {
    "name": "golden_ticket_detection ipv6",
    "dataSource": "dc01",
    "raw": "{\"timestamp\":\"2026-09-17T12:00:00Z\",\"provider_name\":\"Microsoft-Windows-Security-Auditing\",\"provider_guid\":\"{54849625-5478-4994-a5ba-3e3b0328c30d}\",\"recordId\":1234,\"channel\":\"Security\",\"computer\":\"dc01.example.test\",\"data\":{\"PrivilegeList\":\"SeTcbPrivilege\",\"SubjectUserName\":\"alice\",\"SubjectDomainName\":\"EXAMPLE\",\"IpAddress\":\"2001:db8::41\",\"WorkstationName\":\"client01\",\"IpPort\":\"49152\"},\"eventCode\":4672}",
    "expected": {
      "target.host": "dc01.example.test",
      "deviceTime": "2026-09-17T12:00:00Z",
      "log.providerName": "Microsoft-Windows-Security-Auditing",
      "log.authenticationSource": "2001:db8::41",
      "origin.port": 49152,
      "origin.user": "alice",
      "origin.ip": "2001:db8::41",
      "log.authenticationCandidate.goldenTicketDetection": "match"
    },
    "absent": [
      "log.unparsedOriginIp",
      "log.data.IpAddress",
      "log.authenticationSourceType",
      "log.authenticationSourceDomain"
    ],
    "matches": [
      "golden_ticket_detection"
    ]
  },
  {
    "name": "golden_ticket_detection dash-with-host",
    "dataSource": "dc01",
    "raw": "{\"timestamp\":\"2026-09-17T12:00:00Z\",\"provider_name\":\"Microsoft-Windows-Security-Auditing\",\"provider_guid\":\"{54849625-5478-4994-a5ba-3e3b0328c30d}\",\"recordId\":1234,\"channel\":\"Security\",\"computer\":\"dc01.example.test\",\"data\":{\"PrivilegeList\":\"SeTcbPrivilege\",\"SubjectUserName\":\"alice\",\"SubjectDomainName\":\"EXAMPLE\",\"IpAddress\":\"-\",\"WorkstationName\":\"client01\",\"IpPort\":\"49152\"},\"eventCode\":4672}",
    "expected": {
      "target.host": "dc01.example.test",
      "deviceTime": "2026-09-17T12:00:00Z",
      "log.providerName": "Microsoft-Windows-Security-Auditing",
      "log.authenticationSource": "client01",
      "origin.port": 49152,
      "origin.user": "alice",
      "log.data.IpAddress": "-",
      "log.authenticationCandidate.goldenTicketDetection": "match"
    },
    "absent": [
      "log.unparsedOriginIp",
      "origin.ip",
      "log.authenticationSourceType",
      "log.authenticationSourceDomain"
    ],
    "matches": [
      "golden_ticket_detection"
    ]
  },
  {
    "name": "golden_ticket_detection dash-with-account",
    "dataSource": "dc01",
    "raw": "{\"timestamp\":\"2026-09-17T12:00:00Z\",\"provider_name\":\"Microsoft-Windows-Security-Auditing\",\"provider_guid\":\"{54849625-5478-4994-a5ba-3e3b0328c30d}\",\"recordId\":1234,\"channel\":\"Security\",\"computer\":\"dc01.example.test\",\"data\":{\"PrivilegeList\":\"SeTcbPrivilege\",\"SubjectUserName\":\"alice\",\"SubjectDomainName\":\"EXAMPLE\",\"IpAddress\":\"-\",\"IpPort\":\"49152\"},\"eventCode\":4672}",
    "expected": {
      "target.host": "dc01.example.test",
      "deviceTime": "2026-09-17T12:00:00Z",
      "log.providerName": "Microsoft-Windows-Security-Auditing",
      "log.authenticationSource": "alice",
      "origin.port": 49152,
      "origin.user": "alice",
      "log.data.IpAddress": "-",
      "log.authenticationCandidate.goldenTicketDetection": "match"
    },
    "absent": [
      "log.unparsedOriginIp",
      "origin.ip",
      "log.authenticationSourceType",
      "log.authenticationSourceDomain"
    ],
    "matches": [
      "golden_ticket_detection"
    ]
  },
  {
    "name": "golden_ticket_detection absent-with-account",
    "dataSource": "dc01",
    "raw": "{\"timestamp\":\"2026-09-17T12:00:00Z\",\"provider_name\":\"Microsoft-Windows-Security-Auditing\",\"provider_guid\":\"{54849625-5478-4994-a5ba-3e3b0328c30d}\",\"recordId\":1234,\"channel\":\"Security\",\"computer\":\"dc01.example.test\",\"data\":{\"PrivilegeList\":\"SeTcbPrivilege\",\"SubjectUserName\":\"alice\",\"SubjectDomainName\":\"EXAMPLE\",\"IpPort\":\"49152\"},\"eventCode\":4672}",
    "expected": {
      "target.host": "dc01.example.test",
      "deviceTime": "2026-09-17T12:00:00Z",
      "log.providerName": "Microsoft-Windows-Security-Auditing",
      "log.authenticationSource": "alice",
      "origin.port": 49152,
      "origin.user": "alice",
      "log.authenticationCandidate.goldenTicketDetection": "match"
    },
    "absent": [
      "log.unparsedOriginIp",
      "origin.ip",
      "log.authenticationSourceType",
      "log.authenticationSourceDomain"
    ],
    "matches": [
      "golden_ticket_detection"
    ]
  },
  {
    "name": "golden_ticket_detection unspecified-with-account",
    "dataSource": "dc01",
    "raw": "{\"timestamp\":\"2026-09-17T12:00:00Z\",\"provider_name\":\"Microsoft-Windows-Security-Auditing\",\"provider_guid\":\"{54849625-5478-4994-a5ba-3e3b0328c30d}\",\"recordId\":1234,\"channel\":\"Security\",\"computer\":\"dc01.example.test\",\"data\":{\"PrivilegeList\":\"SeTcbPrivilege\",\"SubjectUserName\":\"alice\",\"SubjectDomainName\":\"EXAMPLE\",\"IpAddress\":\"0.0.0.0\",\"IpPort\":\"49152\"},\"eventCode\":4672}",
    "expected": {
      "target.host": "dc01.example.test",
      "deviceTime": "2026-09-17T12:00:00Z",
      "log.providerName": "Microsoft-Windows-Security-Auditing",
      "log.authenticationSource": "alice",
      "origin.port": 49152,
      "origin.user": "alice",
      "log.data.IpAddress": "0.0.0.0",
      "log.authenticationCandidate.goldenTicketDetection": "match"
    },
    "absent": [
      "log.unparsedOriginIp",
      "origin.ip",
      "log.authenticationSourceType",
      "log.authenticationSourceDomain"
    ],
    "matches": [
      "golden_ticket_detection"
    ]
  },
  {
    "name": "bruteforce_attack ipv4",
    "dataSource": "dc01",
    "raw": "{\"timestamp\":\"2026-09-17T12:00:00Z\",\"provider_name\":\"Microsoft-Windows-Security-Auditing\",\"provider_guid\":\"{54849625-5478-4994-a5ba-3e3b0328c30d}\",\"recordId\":1234,\"channel\":\"Security\",\"computer\":\"dc01.example.test\",\"data\":{\"TargetUserName\":\"alice\",\"TargetDomainName\":\"EXAMPLE\",\"Status\":3221225578,\"IpAddress\":\"192.0.2.41\",\"WorkstationName\":\"client01\",\"IpPort\":\"49152\"},\"eventCode\":4625}",
    "expected": {
      "target.host": "dc01.example.test",
      "deviceTime": "2026-09-17T12:00:00Z",
      "log.providerName": "Microsoft-Windows-Security-Auditing",
      "log.authenticationSource": "192.0.2.41",
      "origin.port": 49152,
      "origin.user": "alice",
      "origin.ip": "192.0.2.41"
    },
    "absent": [
      "log.unparsedOriginIp",
      "log.data.IpAddress",
      "log.authenticationSourceType",
      "log.authenticationSourceDomain",
      "log.authenticationCandidate"
    ],
    "matches": [
      "bruteforce_attack"
    ]
  },
  {
    "name": "bruteforce_attack ipv6",
    "dataSource": "dc01",
    "raw": "{\"timestamp\":\"2026-09-17T12:00:00Z\",\"provider_name\":\"Microsoft-Windows-Security-Auditing\",\"provider_guid\":\"{54849625-5478-4994-a5ba-3e3b0328c30d}\",\"recordId\":1234,\"channel\":\"Security\",\"computer\":\"dc01.example.test\",\"data\":{\"TargetUserName\":\"alice\",\"TargetDomainName\":\"EXAMPLE\",\"Status\":3221225578,\"IpAddress\":\"2001:db8::41\",\"WorkstationName\":\"client01\",\"IpPort\":\"49152\"},\"eventCode\":4625}",
    "expected": {
      "target.host": "dc01.example.test",
      "deviceTime": "2026-09-17T12:00:00Z",
      "log.providerName": "Microsoft-Windows-Security-Auditing",
      "log.authenticationSource": "2001:db8::41",
      "origin.port": 49152,
      "origin.user": "alice",
      "origin.ip": "2001:db8::41"
    },
    "absent": [
      "log.unparsedOriginIp",
      "log.data.IpAddress",
      "log.authenticationSourceType",
      "log.authenticationSourceDomain",
      "log.authenticationCandidate"
    ],
    "matches": [
      "bruteforce_attack"
    ]
  },
  {
    "name": "bruteforce_attack dash-with-host",
    "dataSource": "dc01",
    "raw": "{\"timestamp\":\"2026-09-17T12:00:00Z\",\"provider_name\":\"Microsoft-Windows-Security-Auditing\",\"provider_guid\":\"{54849625-5478-4994-a5ba-3e3b0328c30d}\",\"recordId\":1234,\"channel\":\"Security\",\"computer\":\"dc01.example.test\",\"data\":{\"TargetUserName\":\"alice\",\"TargetDomainName\":\"EXAMPLE\",\"Status\":3221225578,\"IpAddress\":\"-\",\"WorkstationName\":\"client01\",\"IpPort\":\"49152\"},\"eventCode\":4625}",
    "expected": {
      "target.host": "dc01.example.test",
      "deviceTime": "2026-09-17T12:00:00Z",
      "log.providerName": "Microsoft-Windows-Security-Auditing",
      "log.authenticationSource": "client01",
      "origin.port": 49152,
      "origin.user": "alice",
      "log.data.IpAddress": "-"
    },
    "absent": [
      "log.unparsedOriginIp",
      "origin.ip",
      "log.authenticationSourceType",
      "log.authenticationSourceDomain",
      "log.authenticationCandidate"
    ],
    "matches": [
      "bruteforce_attack"
    ]
  },
  {
    "name": "bruteforce_attack dash-with-account",
    "dataSource": "dc01",
    "raw": "{\"timestamp\":\"2026-09-17T12:00:00Z\",\"provider_name\":\"Microsoft-Windows-Security-Auditing\",\"provider_guid\":\"{54849625-5478-4994-a5ba-3e3b0328c30d}\",\"recordId\":1234,\"channel\":\"Security\",\"computer\":\"dc01.example.test\",\"data\":{\"TargetUserName\":\"alice\",\"TargetDomainName\":\"EXAMPLE\",\"Status\":3221225578,\"IpAddress\":\"-\",\"IpPort\":\"49152\"},\"eventCode\":4625}",
    "expected": {
      "target.host": "dc01.example.test",
      "deviceTime": "2026-09-17T12:00:00Z",
      "log.providerName": "Microsoft-Windows-Security-Auditing",
      "log.authenticationSource": "alice",
      "origin.port": 49152,
      "origin.user": "alice",
      "log.data.IpAddress": "-"
    },
    "absent": [
      "log.unparsedOriginIp",
      "origin.ip",
      "log.authenticationSourceType",
      "log.authenticationSourceDomain",
      "log.authenticationCandidate"
    ],
    "matches": [
      "bruteforce_attack"
    ]
  },
  {
    "name": "bruteforce_attack absent-with-account",
    "dataSource": "dc01",
    "raw": "{\"timestamp\":\"2026-09-17T12:00:00Z\",\"provider_name\":\"Microsoft-Windows-Security-Auditing\",\"provider_guid\":\"{54849625-5478-4994-a5ba-3e3b0328c30d}\",\"recordId\":1234,\"channel\":\"Security\",\"computer\":\"dc01.example.test\",\"data\":{\"TargetUserName\":\"alice\",\"TargetDomainName\":\"EXAMPLE\",\"Status\":3221225578,\"IpPort\":\"49152\"},\"eventCode\":4625}",
    "expected": {
      "target.host": "dc01.example.test",
      "deviceTime": "2026-09-17T12:00:00Z",
      "log.providerName": "Microsoft-Windows-Security-Auditing",
      "log.authenticationSource": "alice",
      "origin.port": 49152,
      "origin.user": "alice"
    },
    "absent": [
      "log.unparsedOriginIp",
      "origin.ip",
      "log.authenticationSourceType",
      "log.authenticationSourceDomain",
      "log.authenticationCandidate"
    ],
    "matches": [
      "bruteforce_attack"
    ]
  },
  {
    "name": "bruteforce_attack unspecified-with-account",
    "dataSource": "dc01",
    "raw": "{\"timestamp\":\"2026-09-17T12:00:00Z\",\"provider_name\":\"Microsoft-Windows-Security-Auditing\",\"provider_guid\":\"{54849625-5478-4994-a5ba-3e3b0328c30d}\",\"recordId\":1234,\"channel\":\"Security\",\"computer\":\"dc01.example.test\",\"data\":{\"TargetUserName\":\"alice\",\"TargetDomainName\":\"EXAMPLE\",\"Status\":3221225578,\"IpAddress\":\"0.0.0.0\",\"IpPort\":\"49152\"},\"eventCode\":4625}",
    "expected": {
      "target.host": "dc01.example.test",
      "deviceTime": "2026-09-17T12:00:00Z",
      "log.providerName": "Microsoft-Windows-Security-Auditing",
      "log.authenticationSource": "alice",
      "origin.port": 49152,
      "origin.user": "alice",
      "log.data.IpAddress": "0.0.0.0"
    },
    "absent": [
      "log.unparsedOriginIp",
      "origin.ip",
      "log.authenticationSourceType",
      "log.authenticationSourceDomain",
      "log.authenticationCandidate"
    ],
    "matches": [
      "bruteforce_attack"
    ]
  },
  {
    "name": "bruteforce_multiple_logon_failure_followed_by_success ipv4",
    "dataSource": "dc01",
    "raw": "{\"timestamp\":\"2026-09-17T12:00:00Z\",\"provider_name\":\"Microsoft-Windows-Security-Auditing\",\"provider_guid\":\"{54849625-5478-4994-a5ba-3e3b0328c30d}\",\"recordId\":1234,\"channel\":\"Security\",\"computer\":\"dc01.example.test\",\"data\":{\"TargetUserName\":\"alice\",\"TargetDomainName\":\"EXAMPLE\",\"Status\":0,\"IpAddress\":\"192.0.2.41\",\"WorkstationName\":\"client01\",\"IpPort\":\"49152\"},\"eventCode\":4624}",
    "expected": {
      "target.host": "dc01.example.test",
      "deviceTime": "2026-09-17T12:00:00Z",
      "log.providerName": "Microsoft-Windows-Security-Auditing",
      "log.authenticationSource": "192.0.2.41",
      "origin.port": 49152,
      "origin.user": "alice",
      "origin.ip": "192.0.2.41"
    },
    "absent": [
      "log.unparsedOriginIp",
      "log.data.IpAddress",
      "log.authenticationSourceType",
      "log.authenticationSourceDomain",
      "log.authenticationCandidate"
    ],
    "matches": [
      "bruteforce_multiple_logon_failure_followed_by_success"
    ]
  },
  {
    "name": "bruteforce_multiple_logon_failure_followed_by_success ipv6",
    "dataSource": "dc01",
    "raw": "{\"timestamp\":\"2026-09-17T12:00:00Z\",\"provider_name\":\"Microsoft-Windows-Security-Auditing\",\"provider_guid\":\"{54849625-5478-4994-a5ba-3e3b0328c30d}\",\"recordId\":1234,\"channel\":\"Security\",\"computer\":\"dc01.example.test\",\"data\":{\"TargetUserName\":\"alice\",\"TargetDomainName\":\"EXAMPLE\",\"Status\":0,\"IpAddress\":\"2001:db8::41\",\"WorkstationName\":\"client01\",\"IpPort\":\"49152\"},\"eventCode\":4624}",
    "expected": {
      "target.host": "dc01.example.test",
      "deviceTime": "2026-09-17T12:00:00Z",
      "log.providerName": "Microsoft-Windows-Security-Auditing",
      "log.authenticationSource": "2001:db8::41",
      "origin.port": 49152,
      "origin.user": "alice",
      "origin.ip": "2001:db8::41"
    },
    "absent": [
      "log.unparsedOriginIp",
      "log.data.IpAddress",
      "log.authenticationSourceType",
      "log.authenticationSourceDomain",
      "log.authenticationCandidate"
    ],
    "matches": [
      "bruteforce_multiple_logon_failure_followed_by_success"
    ]
  },
  {
    "name": "bruteforce_multiple_logon_failure_followed_by_success dash-with-host",
    "dataSource": "dc01",
    "raw": "{\"timestamp\":\"2026-09-17T12:00:00Z\",\"provider_name\":\"Microsoft-Windows-Security-Auditing\",\"provider_guid\":\"{54849625-5478-4994-a5ba-3e3b0328c30d}\",\"recordId\":1234,\"channel\":\"Security\",\"computer\":\"dc01.example.test\",\"data\":{\"TargetUserName\":\"alice\",\"TargetDomainName\":\"EXAMPLE\",\"Status\":0,\"IpAddress\":\"-\",\"WorkstationName\":\"client01\",\"IpPort\":\"49152\"},\"eventCode\":4624}",
    "expected": {
      "target.host": "dc01.example.test",
      "deviceTime": "2026-09-17T12:00:00Z",
      "log.providerName": "Microsoft-Windows-Security-Auditing",
      "log.authenticationSource": "client01",
      "origin.port": 49152,
      "origin.user": "alice",
      "log.data.IpAddress": "-"
    },
    "absent": [
      "log.unparsedOriginIp",
      "origin.ip",
      "log.authenticationSourceType",
      "log.authenticationSourceDomain",
      "log.authenticationCandidate"
    ],
    "matches": [
      "bruteforce_multiple_logon_failure_followed_by_success"
    ]
  },
  {
    "name": "bruteforce_multiple_logon_failure_followed_by_success dash-with-account",
    "dataSource": "dc01",
    "raw": "{\"timestamp\":\"2026-09-17T12:00:00Z\",\"provider_name\":\"Microsoft-Windows-Security-Auditing\",\"provider_guid\":\"{54849625-5478-4994-a5ba-3e3b0328c30d}\",\"recordId\":1234,\"channel\":\"Security\",\"computer\":\"dc01.example.test\",\"data\":{\"TargetUserName\":\"alice\",\"TargetDomainName\":\"EXAMPLE\",\"Status\":0,\"IpAddress\":\"-\",\"IpPort\":\"49152\"},\"eventCode\":4624}",
    "expected": {
      "target.host": "dc01.example.test",
      "deviceTime": "2026-09-17T12:00:00Z",
      "log.providerName": "Microsoft-Windows-Security-Auditing",
      "log.authenticationSource": "alice",
      "origin.port": 49152,
      "origin.user": "alice",
      "log.data.IpAddress": "-"
    },
    "absent": [
      "log.unparsedOriginIp",
      "origin.ip",
      "log.authenticationSourceType",
      "log.authenticationSourceDomain",
      "log.authenticationCandidate"
    ],
    "matches": [
      "bruteforce_multiple_logon_failure_followed_by_success"
    ]
  },
  {
    "name": "bruteforce_multiple_logon_failure_followed_by_success absent-with-account",
    "dataSource": "dc01",
    "raw": "{\"timestamp\":\"2026-09-17T12:00:00Z\",\"provider_name\":\"Microsoft-Windows-Security-Auditing\",\"provider_guid\":\"{54849625-5478-4994-a5ba-3e3b0328c30d}\",\"recordId\":1234,\"channel\":\"Security\",\"computer\":\"dc01.example.test\",\"data\":{\"TargetUserName\":\"alice\",\"TargetDomainName\":\"EXAMPLE\",\"Status\":0,\"IpPort\":\"49152\"},\"eventCode\":4624}",
    "expected": {
      "target.host": "dc01.example.test",
      "deviceTime": "2026-09-17T12:00:00Z",
      "log.providerName": "Microsoft-Windows-Security-Auditing",
      "log.authenticationSource": "alice",
      "origin.port": 49152,
      "origin.user": "alice"
    },
    "absent": [
      "log.unparsedOriginIp",
      "origin.ip",
      "log.authenticationSourceType",
      "log.authenticationSourceDomain",
      "log.authenticationCandidate"
    ],
    "matches": [
      "bruteforce_multiple_logon_failure_followed_by_success"
    ]
  },
  {
    "name": "bruteforce_multiple_logon_failure_followed_by_success unspecified-with-account",
    "dataSource": "dc01",
    "raw": "{\"timestamp\":\"2026-09-17T12:00:00Z\",\"provider_name\":\"Microsoft-Windows-Security-Auditing\",\"provider_guid\":\"{54849625-5478-4994-a5ba-3e3b0328c30d}\",\"recordId\":1234,\"channel\":\"Security\",\"computer\":\"dc01.example.test\",\"data\":{\"TargetUserName\":\"alice\",\"TargetDomainName\":\"EXAMPLE\",\"Status\":0,\"IpAddress\":\"0.0.0.0\",\"IpPort\":\"49152\"},\"eventCode\":4624}",
    "expected": {
      "target.host": "dc01.example.test",
      "deviceTime": "2026-09-17T12:00:00Z",
      "log.providerName": "Microsoft-Windows-Security-Auditing",
      "log.authenticationSource": "alice",
      "origin.port": 49152,
      "origin.user": "alice",
      "log.data.IpAddress": "0.0.0.0"
    },
    "absent": [
      "log.unparsedOriginIp",
      "origin.ip",
      "log.authenticationSourceType",
      "log.authenticationSourceDomain",
      "log.authenticationCandidate"
    ],
    "matches": [
      "bruteforce_multiple_logon_failure_followed_by_success"
    ]
  },
  {
    "name": "adfs_authentication_anomalies ipv4",
    "dataSource": "dc01",
    "raw": "{\"timestamp\":\"2026-09-17T12:00:00Z\",\"provider_name\":\"AD FS\",\"provider_guid\":\"{54849625-5478-4994-a5ba-3e3b0328c30d}\",\"recordId\":1234,\"channel\":\"Security\",\"computer\":\"dc01.example.test\",\"data\":{\"SubjectUserName\":\"alice\",\"IpAddress\":\"192.0.2.41\",\"WorkstationName\":\"client01\",\"IpPort\":\"49152\",\"SubjectDomainName\":\"EXAMPLE\"},\"eventCode\":342,\"message\":\"token validation failed\"}",
    "expected": {
      "target.host": "dc01.example.test",
      "deviceTime": "2026-09-17T12:00:00Z",
      "log.providerName": "AD FS",
      "log.authenticationSource": "192.0.2.41",
      "origin.port": 49152,
      "origin.user": "alice",
      "origin.ip": "192.0.2.41",
      "log.authenticationCandidate.adfsAuthenticationAnomalies": "match"
    },
    "absent": [
      "log.unparsedOriginIp",
      "log.data.IpAddress",
      "log.authenticationSourceType",
      "log.authenticationSourceDomain"
    ],
    "matches": [
      "adfs_authentication_anomalies"
    ]
  },
  {
    "name": "adfs_authentication_anomalies ipv6",
    "dataSource": "dc01",
    "raw": "{\"timestamp\":\"2026-09-17T12:00:00Z\",\"provider_name\":\"AD FS\",\"provider_guid\":\"{54849625-5478-4994-a5ba-3e3b0328c30d}\",\"recordId\":1234,\"channel\":\"Security\",\"computer\":\"dc01.example.test\",\"data\":{\"SubjectUserName\":\"alice\",\"IpAddress\":\"2001:db8::41\",\"WorkstationName\":\"client01\",\"IpPort\":\"49152\",\"SubjectDomainName\":\"EXAMPLE\"},\"eventCode\":342,\"message\":\"token validation failed\"}",
    "expected": {
      "target.host": "dc01.example.test",
      "deviceTime": "2026-09-17T12:00:00Z",
      "log.providerName": "AD FS",
      "log.authenticationSource": "2001:db8::41",
      "origin.port": 49152,
      "origin.user": "alice",
      "origin.ip": "2001:db8::41",
      "log.authenticationCandidate.adfsAuthenticationAnomalies": "match"
    },
    "absent": [
      "log.unparsedOriginIp",
      "log.data.IpAddress",
      "log.authenticationSourceType",
      "log.authenticationSourceDomain"
    ],
    "matches": [
      "adfs_authentication_anomalies"
    ]
  },
  {
    "name": "adfs_authentication_anomalies dash-with-host",
    "dataSource": "dc01",
    "raw": "{\"timestamp\":\"2026-09-17T12:00:00Z\",\"provider_name\":\"AD FS\",\"provider_guid\":\"{54849625-5478-4994-a5ba-3e3b0328c30d}\",\"recordId\":1234,\"channel\":\"Security\",\"computer\":\"dc01.example.test\",\"data\":{\"SubjectUserName\":\"alice\",\"IpAddress\":\"-\",\"WorkstationName\":\"client01\",\"IpPort\":\"49152\",\"SubjectDomainName\":\"EXAMPLE\"},\"eventCode\":342,\"message\":\"token validation failed\"}",
    "expected": {
      "target.host": "dc01.example.test",
      "deviceTime": "2026-09-17T12:00:00Z",
      "log.providerName": "AD FS",
      "log.authenticationSource": "client01",
      "origin.port": 49152,
      "origin.user": "alice",
      "log.data.IpAddress": "-",
      "log.authenticationCandidate.adfsAuthenticationAnomalies": "match"
    },
    "absent": [
      "log.unparsedOriginIp",
      "origin.ip",
      "log.authenticationSourceType",
      "log.authenticationSourceDomain"
    ],
    "matches": [
      "adfs_authentication_anomalies"
    ]
  },
  {
    "name": "adfs_authentication_anomalies dash-with-account",
    "dataSource": "dc01",
    "raw": "{\"timestamp\":\"2026-09-17T12:00:00Z\",\"provider_name\":\"AD FS\",\"provider_guid\":\"{54849625-5478-4994-a5ba-3e3b0328c30d}\",\"recordId\":1234,\"channel\":\"Security\",\"computer\":\"dc01.example.test\",\"data\":{\"SubjectUserName\":\"alice\",\"IpAddress\":\"-\",\"IpPort\":\"49152\",\"SubjectDomainName\":\"EXAMPLE\"},\"eventCode\":342,\"message\":\"token validation failed\"}",
    "expected": {
      "target.host": "dc01.example.test",
      "deviceTime": "2026-09-17T12:00:00Z",
      "log.providerName": "AD FS",
      "log.authenticationSource": "alice",
      "origin.port": 49152,
      "origin.user": "alice",
      "log.data.IpAddress": "-",
      "log.authenticationCandidate.adfsAuthenticationAnomalies": "match"
    },
    "absent": [
      "log.unparsedOriginIp",
      "origin.ip",
      "log.authenticationSourceType",
      "log.authenticationSourceDomain"
    ],
    "matches": [
      "adfs_authentication_anomalies"
    ]
  },
  {
    "name": "adfs_authentication_anomalies absent-with-account",
    "dataSource": "dc01",
    "raw": "{\"timestamp\":\"2026-09-17T12:00:00Z\",\"provider_name\":\"AD FS\",\"provider_guid\":\"{54849625-5478-4994-a5ba-3e3b0328c30d}\",\"recordId\":1234,\"channel\":\"Security\",\"computer\":\"dc01.example.test\",\"data\":{\"SubjectUserName\":\"alice\",\"IpPort\":\"49152\",\"SubjectDomainName\":\"EXAMPLE\"},\"eventCode\":342,\"message\":\"token validation failed\"}",
    "expected": {
      "target.host": "dc01.example.test",
      "deviceTime": "2026-09-17T12:00:00Z",
      "log.providerName": "AD FS",
      "log.authenticationSource": "alice",
      "origin.port": 49152,
      "origin.user": "alice",
      "log.authenticationCandidate.adfsAuthenticationAnomalies": "match"
    },
    "absent": [
      "log.unparsedOriginIp",
      "origin.ip",
      "log.authenticationSourceType",
      "log.authenticationSourceDomain"
    ],
    "matches": [
      "adfs_authentication_anomalies"
    ]
  },
  {
    "name": "adfs_authentication_anomalies unspecified-with-account",
    "dataSource": "dc01",
    "raw": "{\"timestamp\":\"2026-09-17T12:00:00Z\",\"provider_name\":\"AD FS\",\"provider_guid\":\"{54849625-5478-4994-a5ba-3e3b0328c30d}\",\"recordId\":1234,\"channel\":\"Security\",\"computer\":\"dc01.example.test\",\"data\":{\"SubjectUserName\":\"alice\",\"IpAddress\":\"0.0.0.0\",\"IpPort\":\"49152\",\"SubjectDomainName\":\"EXAMPLE\"},\"eventCode\":342,\"message\":\"token validation failed\"}",
    "expected": {
      "target.host": "dc01.example.test",
      "deviceTime": "2026-09-17T12:00:00Z",
      "log.providerName": "AD FS",
      "log.authenticationSource": "alice",
      "origin.port": 49152,
      "origin.user": "alice",
      "log.data.IpAddress": "0.0.0.0",
      "log.authenticationCandidate.adfsAuthenticationAnomalies": "match"
    },
    "absent": [
      "log.unparsedOriginIp",
      "origin.ip",
      "log.authenticationSourceType",
      "log.authenticationSourceDomain"
    ],
    "matches": [
      "adfs_authentication_anomalies"
    ]
  },
  {
    "name": "No fabricated identity or port -",
    "dataSource": "dc01",
    "raw": "{\"timestamp\": \"2026-09-17T12:00:00Z\", \"provider_name\": \"Microsoft-Windows-Security-Auditing\", \"provider_guid\": \"{54849625-5478-4994-a5ba-3e3b0328c30d}\", \"recordId\": 1234, \"channel\": \"Security\", \"computer\": \"dc01.example.test\", \"data\": {\"IpAddress\": \"-\", \"IpPort\": \"-\", \"TargetUserName\": \"-\", \"WorkstationName\": \"-\"}, \"eventCode\": 4625}",
    "expected": {
      "log.data.IpAddress": "-"
    },
    "absent": [
      "origin.ip",
      "origin.port",
      "origin.user",
      "origin.host",
      "target.user",
      "log.authenticationSource",
      "log.authenticationSourceType"
    ],
    "matches": []
  },
  {
    "name": "No fabricated identity or port 65536",
    "dataSource": "dc01",
    "raw": "{\"timestamp\": \"2026-09-17T12:00:00Z\", \"provider_name\": \"Microsoft-Windows-Security-Auditing\", \"provider_guid\": \"{54849625-5478-4994-a5ba-3e3b0328c30d}\", \"recordId\": 1234, \"channel\": \"Security\", \"computer\": \"dc01.example.test\", \"data\": {\"IpAddress\": \"-\", \"IpPort\": \"65536\", \"TargetUserName\": \"-\", \"WorkstationName\": \"-\"}, \"eventCode\": 4625}",
    "expected": {
      "log.data.IpAddress": "-"
    },
    "absent": [
      "origin.ip",
      "origin.port",
      "origin.user",
      "origin.host",
      "target.user",
      "log.authenticationSource",
      "log.authenticationSourceType"
    ],
    "matches": []
  },
  {
    "name": "No fabricated identity or port 0",
    "dataSource": "dc01",
    "raw": "{\"timestamp\": \"2026-09-17T12:00:00Z\", \"provider_name\": \"Microsoft-Windows-Security-Auditing\", \"provider_guid\": \"{54849625-5478-4994-a5ba-3e3b0328c30d}\", \"recordId\": 1234, \"channel\": \"Security\", \"computer\": \"dc01.example.test\", \"data\": {\"IpAddress\": \"-\", \"IpPort\": \"0\", \"TargetUserName\": \"-\", \"WorkstationName\": \"-\"}, \"eventCode\": 4625}",
    "expected": {
      "log.data.IpAddress": "-"
    },
    "absent": [
      "origin.ip",
      "origin.port",
      "origin.user",
      "origin.host",
      "target.user",
      "log.authenticationSource",
      "log.authenticationSourceType"
    ],
    "matches": []
  },
  {
    "name": "No fabricated identity or port not-a-port",
    "dataSource": "dc01",
    "raw": "{\"timestamp\": \"2026-09-17T12:00:00Z\", \"provider_name\": \"Microsoft-Windows-Security-Auditing\", \"provider_guid\": \"{54849625-5478-4994-a5ba-3e3b0328c30d}\", \"recordId\": 1234, \"channel\": \"Security\", \"computer\": \"dc01.example.test\", \"data\": {\"IpAddress\": \"-\", \"IpPort\": \"not-a-port\", \"TargetUserName\": \"-\", \"WorkstationName\": \"-\"}, \"eventCode\": 4625}",
    "expected": {
      "log.data.IpAddress": "-"
    },
    "absent": [
      "origin.ip",
      "origin.port",
      "origin.user",
      "origin.host",
      "target.user",
      "log.authenticationSource",
      "log.authenticationSourceType"
    ],
    "matches": []
  },
